<?xml version="1.0" encoding="UTF-8"?>
<testng-results ignored="0" total="1" passed="1" failed="0" skipped="0">
  <reporter-output>
  </reporter-output>
  <suite started-at="2023-04-20T16:58:52 EET" name="Default suite" finished-at="2023-04-20T16:59:15 EET" duration-ms="23203">
    <groups>
    </groups>
    <test started-at="2023-04-20T16:58:52 EET" name="Default test" finished-at="2023-04-20T16:59:15 EET" duration-ms="23203">
      <class name="AutomationClass">
        <test-method is-config="true" signature="beforeMethod()[pri:0, instance:AutomationClass@3967e60c]" started-at="2023-04-20T16:58:52 EET" name="beforeMethod" finished-at="2023-04-20T16:58:58 EET" duration-ms="6165" status="PASS">
          <reporter-output>
          </reporter-output>
        </test-method> <!-- beforeMethod -->
        <test-method signature="myTest()[pri:0, instance:AutomationClass@3967e60c]" started-at="2023-04-20T16:58:58 EET" name="myTest" finished-at="2023-04-20T16:59:15 EET" duration-ms="16874" status="PASS">
          <reporter-output>
          </reporter-output>
        </test-method> <!-- myTest -->
        <test-method is-config="true" signature="afterMethod()[pri:0, instance:AutomationClass@3967e60c]" started-at="2023-04-20T16:59:15 EET" name="afterMethod" finished-at="2023-04-20T16:59:15 EET" duration-ms="126" status="PASS">
          <reporter-output>
          </reporter-output>
        </test-method> <!-- afterMethod -->
      </class> <!-- AutomationClass -->
    </test> <!-- Default test -->
  </suite> <!-- Default suite -->
</testng-results>
